<?xml version="1.0" encoding="UTF-8"?>
<!-- Generated by org.testng.reporters.JUnitReportReporter -->
<testsuite hostname="Jaspreet" failures="0" tests="2" name="com.Github.githubOauth.AccessToken" time="2.790" errors="0" timestamp="2024-12-05T16:04:55 EST" skipped="0">
  <testcase classname="com.Github.githubOauth.AccessToken" name="getUserInfo" time="1.058"/>
  <testcase classname="com.Github.githubOauth.AccessToken" name="getAccessToken" time="1.732"/>
</testsuite> <!-- com.Github.githubOauth.AccessToken -->
