<?xml version="1.0" encoding="UTF-8"?>
<!-- Generated by org.testng.reporters.JUnitReportReporter -->
<testsuite hostname="Jaspreet" failures="0" tests="4" name="com.Github.githubOauth.EditingComments" time="1.520" errors="1" timestamp="03 Dec. 2024 19:57:57 GMT" skipped="0">
  <testcase classname="com.Github.githubOauth.EditingComments" name="deleteComment" time="0.111"/>
  <testcase classname="com.Github.githubOauth.EditingComments" name="loginJira" time="1.314"/>
  <testcase classname="com.Github.githubOauth.EditingComments" name="deleteComment" time="0.067"/>
  <testcase classname="com.Github.githubOauth.EditingComments" name="deleteComment" time="0.028">
    <error message="Comment with ID does not exist." type="junit.framework.AssertionFailedError">
      <![CDATA[junit.framework.AssertionFailedError: Comment with ID does not exist.
at junit.framework.Assert.fail(Assert.java:47)
at com.Github.githubOauth.EditingComments.deleteComment(EditingComments.java:73)
at java.base/jdk.internal.reflect.DirectMethodHandleAccessor.invoke(DirectMethodHandleAccessor.java:104)
at java.base/java.lang.reflect.Method.invoke(Method.java:577)
at org.testng.internal.MethodInvocationHelper.invokeMethod(MethodInvocationHelper.java:124)
at org.testng.internal.Invoker.invokeMethod(Invoker.java:583)
at org.testng.internal.Invoker.invokeTestMethod(Invoker.java:719)
at org.testng.internal.Invoker.invokeTestMethods(Invoker.java:989)
at org.testng.internal.TestMethodWorker.invokeTestMethods(TestMethodWorker.java:125)
at org.testng.internal.TestMethodWorker.run(TestMethodWorker.java:109)
at org.testng.TestRunner.privateRun(TestRunner.java:648)
at org.testng.TestRunner.run(TestRunner.java:505)
at org.testng.SuiteRunner.runTest(SuiteRunner.java:455)
at org.testng.SuiteRunner.runSequentially(SuiteRunner.java:450)
at org.testng.SuiteRunner.privateRun(SuiteRunner.java:415)
at org.testng.SuiteRunner.run(SuiteRunner.java:364)
at org.testng.SuiteRunnerWorker.runSuite(SuiteRunnerWorker.java:52)
at org.testng.SuiteRunnerWorker.run(SuiteRunnerWorker.java:84)
at org.testng.TestNG.runSuitesSequentially(TestNG.java:1208)
at org.testng.TestNG.runSuitesLocally(TestNG.java:1137)
at org.testng.TestNG.runSuites(TestNG.java:1049)
at org.testng.TestNG.run(TestNG.java:1017)
at org.testng.remote.AbstractRemoteTestNG.run(AbstractRemoteTestNG.java:115)
at org.testng.remote.RemoteTestNG.initAndRun(RemoteTestNG.java:251)
at org.testng.remote.RemoteTestNG.main(RemoteTestNG.java:77)
]]>
    </error>
  </testcase> <!-- deleteComment -->
</testsuite> <!-- com.Github.githubOauth.EditingComments -->
