<?xml version="1.0" encoding="UTF-8"?>
<!-- Generated by org.testng.reporters.JUnitReportReporter -->
<testsuite hostname="Jaspreet" failures="0" tests="2" name="com.restAssured.project.GithubOauth" time="0.980" errors="0" timestamp="2024-12-09T13:18:51 EST" skipped="0">
  <testcase classname="com.restAssured.project.GithubOauth" name="getUserInfo" time="0.436"/>
  <testcase classname="com.restAssured.project.GithubOauth" name="getAccessToken" time="0.544"/>
</testsuite> <!-- com.restAssured.project.GithubOauth -->
